# JRE version: Java(TM) SE Runtime Environment (17.0.1+12) (build 17.0.1+12-LTS-39)
# Java VM: Java HotSpot(TM) 64-Bit Server VM (17.0.1+12-LTS-39, mixed mode, tiered, compressed oops, compressed class ptrs, g1 gc, windows-amd64)
GC Precious Log:
 CPUs: 2 total, 2 available
 Memory: 3912M
 Large Page Support: Disabled
 NUMA Support: Disabled
 Compressed Oops: Enabled (32-bit)
 Heap Region Size: 1M
 Heap Min Capacity: 8M
 Heap Initial Capacity: 62M
 Heap Max Capacity: 980M
 Pre-touch: Disabled
 Parallel Workers: 2
 Concurrent Workers: 1
 Concurrent Refinement Workers: 2
 Periodic GC: Disabled
Heap:
 garbage-first heap   total 63488K, used 14400K [0x00000000c2c00000, 0x0000000100000000)
  region size 1024K, 1 young (1024K), 1 survivors (1024K)
 Metaspace       used 33696K, committed 33920K, reserved 1081344K
  class space    used 3866K, committed 3968K, reserved 1048576K
GC Heap History (20 events):
Event: 10.442 GC heap after
{Heap after GC invocations=4 (full 0):
 garbage-first heap   total 63488K, used 7440K [0x00000000c2c00000, 0x0000000100000000)
  region size 1024K, 2 young (2048K), 2 survivors (2048K)
 Metaspace       used 15738K, committed 15872K, reserved 1064960K
  class space    used 1597K, committed 1664K, reserved 1048576K
}
Event: 12.825 GC heap before
{Heap before GC invocations=4 (full 0):
 garbage-first heap   total 63488K, used 26896K [0x00000000c2c00000, 0x0000000100000000)
  region size 1024K, 22 young (22528K), 2 survivors (2048K)
 Metaspace       used 21336K, committed 21504K, reserved 1073152K
  class space    used 2271K, committed 2368K, reserved 1048576K
}
Event: 12.845 GC heap after
{Heap after GC invocations=5 (full 0):
 garbage-first heap   total 63488K, used 8637K [0x00000000c2c00000, 0x0000000100000000)
  region size 1024K, 4 young (4096K), 4 survivors (4096K)
 Metaspace       used 21336K, committed 21504K, reserved 1073152K
  class space    used 2271K, committed 2368K, reserved 1048576K
}
Event: 14.903 GC heap before
{Heap before GC invocations=6 (full 0):
 garbage-first heap   total 37888K, used 26045K [0x00000000c2c00000, 0x0000000100000000)
  region size 1024K, 22 young (22528K), 4 survivors (4096K)
 Metaspace       used 23522K, committed 23744K, reserved 1073152K
  class space    used 2581K, committed 2688K, reserved 1048576K
}
Event: 14.941 GC heap after
{Heap after GC invocations=7 (full 0):
 garbage-first heap   total 37888K, used 8906K [0x00000000c2c00000, 0x0000000100000000)
  region size 1024K, 2 young (2048K), 2 survivors (2048K)
 Metaspace       used 23522K, committed 23744K, reserved 1073152K
  class space    used 2581K, committed 2688K, reserved 1048576K
}
Event: 14.947 GC heap before
{Heap before GC invocations=7 (full 0):
 garbage-first heap   total 37888K, used 8906K [0x00000000c2c00000, 0x0000000100000000)
  region size 1024K, 3 young (3072K), 2 survivors (2048K)
 Metaspace       used 23524K, committed 23744K, reserved 1073152K
  class space    used 2582K, committed 2688K, reserved 1048576K
}
Event: 14.964 GC heap after
{Heap after GC invocations=8 (full 0):
 garbage-first heap   total 37888K, used 9099K [0x00000000c2c00000, 0x0000000100000000)
  region size 1024K, 1 young (1024K), 1 survivors (1024K)
 Metaspace       used 23524K, committed 23744K, reserved 1073152K
  class space    used 2582K, committed 2688K, reserved 1048576K
}
Event: 14.992 GC heap before
{Heap before GC invocations=8 (full 0):
 garbage-first heap   total 37888K, used 24459K [0x00000000c2c00000, 0x0000000100000000)
  region size 1024K, 17 young (17408K), 1 survivors (1024K)
 Metaspace       used 23528K, committed 23744K, reserved 1073152K
  class space    used 2583K, committed 2688K, reserved 1048576K
}
Event: 14.996 GC heap after
{Heap after GC invocations=9 (full 0):
 garbage-first heap   total 37888K, used 8985K [0x00000000c2c00000, 0x0000000100000000)
  region size 1024K, 1 young (1024K), 1 survivors (1024K)
 Metaspace       used 23528K, committed 23744K, reserved 1073152K
  class space    used 2583K, committed 2688K, reserved 1048576K
}
Event: 17.039 GC heap before
{Heap before GC invocations=9 (full 0):
 garbage-first heap   total 37888K, used 26393K [0x00000000c2c00000, 0x0000000100000000)
  region size 1024K, 19 young (19456K), 1 survivors (1024K)
 Metaspace       used 24621K, committed 24832K, reserved 1073152K
  class space    used 2699K, committed 2752K, reserved 1048576K
}
Event: 17.050 GC heap after
{Heap after GC invocations=10 (full 0):
 garbage-first heap   total 37888K, used 9695K [0x00000000c2c00000, 0x0000000100000000)
  region size 1024K, 1 young (1024K), 1 survivors (1024K)
 Metaspace       used 24621K, committed 24832K, reserved 1073152K
  class space    used 2699K, committed 2752K, reserved 1048576K
}
Event: 24.103 GC heap before
{Heap before GC invocations=10 (full 0):
 garbage-first heap   total 37888K, used 27103K [0x00000000c2c00000, 0x0000000100000000)
  region size 1024K, 19 young (19456K), 1 survivors (1024K)
 Metaspace       used 27050K, committed 27264K, reserved 1081344K
  class space    used 2997K, committed 3072K, reserved 1048576K
}
Event: 24.113 GC heap after
{Heap after GC invocations=11 (full 0):
 garbage-first heap   total 37888K, used 10929K [0x00000000c2c00000, 0x0000000100000000)
  region size 1024K, 2 young (2048K), 2 survivors (2048K)
 Metaspace       used 27050K, committed 27264K, reserved 1081344K
  class space    used 2997K, committed 3072K, reserved 1048576K
}
Event: 30.922 GC heap before
{Heap before GC invocations=11 (full 0):
 garbage-first heap   total 37888K, used 28337K [0x00000000c2c00000, 0x0000000100000000)
  region size 1024K, 19 young (19456K), 2 survivors (2048K)
 Metaspace       used 30574K, committed 30912K, reserved 1081344K
  class space    used 3502K, committed 3648K, reserved 1048576K
}
Event: 30.944 GC heap after
{Heap after GC invocations=12 (full 0):
 garbage-first heap   total 37888K, used 12782K [0x00000000c2c00000, 0x0000000100000000)
  region size 1024K, 3 young (3072K), 3 survivors (3072K)
 Metaspace       used 30574K, committed 30912K, reserved 1081344K
  class space    used 3502K, committed 3648K, reserved 1048576K
}
Event: 36.995 GC heap before
{Heap before GC invocations=12 (full 0):
 garbage-first heap   total 37888K, used 27118K [0x00000000c2c00000, 0x0000000100000000)
  region size 1024K, 18 young (18432K), 3 survivors (3072K)
 Metaspace       used 33696K, committed 33920K, reserved 1081344K
  class space    used 3866K, committed 3968K, reserved 1048576K
}
Event: 37.021 GC heap after
{Heap after GC invocations=13 (full 0):
 garbage-first heap   total 37888K, used 14320K [0x00000000c2c00000, 0x0000000100000000)
  region size 1024K, 2 young (2048K), 2 survivors (2048K)
 Metaspace       used 33696K, committed 33920K, reserved 1081344K
  class space    used 3866K, committed 3968K, reserved 1048576K
}
Event: 37.035 GC heap before
{Heap before GC invocations=13 (full 0):
 garbage-first heap   total 37888K, used 26608K [0x00000000c2c00000, 0x0000000100000000)
  region size 1024K, 15 young (15360K), 2 survivors (2048K)
 Metaspace       used 33696K, committed 33920K, reserved 1081344K
  class space    used 3866K, committed 3968K, reserved 1048576K
}
Event: 37.044 GC heap after
{Heap after GC invocations=14 (full 0):
 garbage-first heap   total 37888K, used 14384K [0x00000000c2c00000, 0x0000000100000000)
  region size 1024K, 1 young (1024K), 1 survivors (1024K)
 Metaspace       used 33696K, committed 33920K, reserved 1081344K
  class space    used 3866K, committed 3968K, reserved 1048576K
}
Event: 37.058 GC heap before
{Heap before GC invocations=14 (full 0):
 garbage-first heap   total 37888K, used 27696K [0x00000000c2c00000, 0x0000000100000000)
  region size 1024K, 15 young (15360K), 1 survivors (1024K)
 Metaspace       used 33696K, committed 33920K, reserved 1081344K
  class space    used 3866K, committed 3968K, reserved 1048576K
}

